TN:
SF:src\services\atelierService.js
FN:3,normalizeAtelierId
FN:11,(anonymous_1)
FN:16,(anonymous_2)
FN:22,(anonymous_3)
FN:28,(anonymous_4)
FN:34,(anonymous_5)
FNF:6
FNH:6
FNDA:5,normalizeAtelierId
FNDA:1,(anonymous_1)
FNDA:2,(anonymous_2)
FNDA:2,(anonymous_3)
FNDA:1,(anonymous_4)
FNDA:1,(anonymous_5)
DA:4,5
DA:5,5
DA:6,2
DA:8,3
DA:11,1
DA:12,1
DA:13,1
DA:16,1
DA:17,2
DA:18,2
DA:19,1
DA:22,1
DA:23,2
DA:24,2
DA:25,1
DA:28,1
DA:29,1
DA:30,1
DA:31,1
DA:34,1
DA:35,1
DA:36,1
LF:22
LH:22
BRDA:5,0,0,2
BRDA:5,0,1,3
BRDA:5,1,0,5
BRDA:5,1,1,4
BRF:4
BRH:4
end_of_record
TN:
SF:src\services\authService.js
FN:5,isRecord
FN:9,pickString
FN:16,firstString
FN:25,extractBearerToken
FN:38,extractTokenFromNode
FN:40,(anonymous_5)
FN:43,extractTokenFromCandidates
FN:52,extractToken
FN:72,extractUser
FN:79,storeSession
FN:100,(anonymous_10)
FN:106,(anonymous_11)
FN:108,(anonymous_12)
FN:113,(anonymous_13)
FN:133,(anonymous_14)
FN:145,(anonymous_15)
FNF:16
FNH:16
FNDA:15,isRecord
FNDA:20,pickString
FNDA:5,firstString
FNDA:7,extractBearerToken
FNDA:11,extractTokenFromNode
FNDA:15,(anonymous_5)
FNDA:5,extractTokenFromCandidates
FNDA:4,extractToken
FNDA:4,extractUser
FNDA:4,storeSession
FNDA:7,(anonymous_10)
FNDA:5,(anonymous_11)
FNDA:3,(anonymous_12)
FNDA:4,(anonymous_13)
FNDA:1,(anonymous_14)
FNDA:1,(anonymous_15)
DA:3,1
DA:6,15
DA:10,20
DA:11,5
DA:12,5
DA:13,5
DA:17,5
DA:18,12
DA:19,12
DA:22,2
DA:26,7
DA:27,7
DA:28,1
DA:29,1
DA:31,1
DA:32,0
DA:35,1
DA:39,11
DA:40,15
DA:44,5
DA:45,11
DA:46,11
DA:49,2
DA:53,4
DA:55,4
DA:63,4
DA:64,4
DA:66,4
DA:73,4
DA:74,1
DA:75,1
DA:76,0
DA:80,4
DA:81,4
DA:83,4
DA:84,3
DA:86,1
DA:91,4
DA:92,3
DA:94,1
DA:97,4
DA:100,1
DA:101,7
DA:102,7
DA:103,3
DA:106,5
DA:108,1
DA:109,3
DA:110,3
DA:113,1
DA:114,4
DA:116,4
DA:119,4
DA:123,4
DA:124,4
DA:125,1
DA:126,1
DA:130,3
DA:133,1
DA:134,1
DA:142,1
DA:145,1
DA:146,1
DA:147,1
LF:64
LH:62
BRDA:6,0,0,15
BRDA:6,0,1,15
BRDA:10,1,0,15
BRDA:10,1,1,5
BRDA:12,2,0,0
BRDA:12,2,1,5
BRDA:12,3,0,5
BRDA:12,3,1,5
BRDA:12,3,2,5
BRDA:19,4,0,3
BRDA:19,4,1,9
BRDA:27,5,0,6
BRDA:27,5,1,1
BRDA:31,6,0,0
BRDA:31,6,1,1
BRDA:39,7,0,6
BRDA:39,7,1,5
BRDA:46,8,0,3
BRDA:46,8,1,8
BRDA:53,9,0,0
BRDA:53,9,1,4
BRDA:67,10,0,4
BRDA:67,10,1,1
BRDA:73,11,0,3
BRDA:73,11,1,1
BRDA:73,12,0,4
BRDA:73,12,1,3
BRDA:74,13,0,1
BRDA:74,13,1,0
BRDA:74,14,0,1
BRDA:74,14,1,1
BRDA:76,15,0,0
BRDA:76,15,1,0
BRDA:83,16,0,3
BRDA:83,16,1,1
BRDA:91,17,0,3
BRDA:91,17,1,1
BRDA:91,18,0,4
BRDA:91,18,1,3
BRDA:102,19,0,4
BRDA:102,19,1,3
BRDA:102,20,0,7
BRDA:102,20,1,4
BRDA:102,20,2,3
BRDA:106,21,0,5
BRDA:106,21,1,3
BRDA:116,22,0,4
BRDA:116,22,1,3
BRDA:119,23,0,1
BRDA:119,23,1,3
BRDA:120,24,0,1
BRDA:120,24,1,0
BRDA:120,25,0,1
BRDA:120,25,1,1
BRDA:124,26,0,1
BRDA:124,26,1,3
BRDA:142,27,0,1
BRDA:142,27,1,0
BRF:58
BRH:50
end_of_record
TN:
SF:src\utils\categoryVisuals.js
FN:45,normalize
FN:52,getCategoryVisualByKey
FN:61,getCategoryIconByName
FN:64,(anonymous_3)
FN:71,getCategoriesLabelMap
FN:73,(anonymous_5)
FNF:6
FNH:6
FNDA:4,normalize
FNDA:3,getCategoryVisualByKey
FNDA:4,getCategoryIconByName
FNDA:63,(anonymous_3)
FNDA:1,getCategoriesLabelMap
FNDA:7,(anonymous_5)
DA:1,1
DA:14,1
DA:46,4
DA:53,3
DA:62,4
DA:63,4
DA:64,63
DA:65,3
DA:68,1
DA:72,1
DA:73,7
LF:11
LH:11
BRDA:46,0,0,4
BRDA:46,0,1,0
BRDA:54,1,0,3
BRDA:54,1,1,2
BRDA:55,2,0,2
BRDA:55,2,1,1
BRDA:64,3,0,3
BRDA:64,3,1,18
BRF:8
BRH:7
end_of_record
